
[0m[1mInitializing the backend...[0m

[0m[1mInitializing provider plugins...[0m
- Checking for available provider plugins...
- Downloading plugin for provider "aws" (hashicorp/aws) 3.8.0...

[0m[1m[32mTerraform has been successfully initialized![0m[32m[0m
[0m[32m
You may now begin working with Terraform. Try running "terraform plan" to see
any changes that are required for your infrastructure. All Terraform commands
should now work.

If you ever set or change modules or backend configuration for Terraform,
rerun this command to reinitialize your working directory. If you forget, other
commands will detect it and remind you to do so if necessary.[0m
aws --profile default --region eu-west-2 --output json manamieks
cluster name manamieks
vpc-0528d1e3f0b31cefe
[0m[1maws_vpc.vpc-0528d1e3f0b31cefe: Importing from ID "vpc-0528d1e3f0b31cefe"...[0m
[0m[1m[32maws_vpc.vpc-0528d1e3f0b31cefe: Import prepared![0m
[0m[32m  Prepared aws_vpc for import[0m
[0m[1maws_vpc.vpc-0528d1e3f0b31cefe: Refreshing state... [id=vpc-0528d1e3f0b31cefe][0m
[0m[32m
Import successful!

The resources that were imported are shown above. These resources are now in
your Terraform state and will henceforth be managed by Terraform.
[0m
aws.tf
aws_vpc__vpc-0528d1e3f0b31cefe.tf
output__aws_vpc__vpc-0528d1e3f0b31cefe.tf
[32m[1mSuccess![0m The configuration is valid.
[0m
count=1
[32m[1mSuccess![0m The configuration is valid.
[0m
subnet-0ca14ea12ad0de3c4
[0m[1maws_subnet.subnet-0ca14ea12ad0de3c4: Importing from ID "subnet-0ca14ea12ad0de3c4"...[0m
[0m[1m[32maws_subnet.subnet-0ca14ea12ad0de3c4: Import prepared![0m
[0m[32m  Prepared aws_subnet for import[0m
[0m[1maws_subnet.subnet-0ca14ea12ad0de3c4: Refreshing state... [id=subnet-0ca14ea12ad0de3c4][0m
[0m[32m
Import successful!

The resources that were imported are shown above. These resources are now in
your Terraform state and will henceforth be managed by Terraform.
[0m
subnet-0dbd0e98cc1c333a4
[0m[1maws_subnet.subnet-0dbd0e98cc1c333a4: Importing from ID "subnet-0dbd0e98cc1c333a4"...[0m
[0m[1m[32maws_subnet.subnet-0dbd0e98cc1c333a4: Import prepared![0m
[0m[32m  Prepared aws_subnet for import[0m
[0m[1maws_subnet.subnet-0dbd0e98cc1c333a4: Refreshing state... [id=subnet-0dbd0e98cc1c333a4][0m
[0m[32m
Import successful!

The resources that were imported are shown above. These resources are now in
your Terraform state and will henceforth be managed by Terraform.
[0m
subnet-08dad7366e061da93
[0m[1maws_subnet.subnet-08dad7366e061da93: Importing from ID "subnet-08dad7366e061da93"...[0m
[0m[1m[32maws_subnet.subnet-08dad7366e061da93: Import prepared![0m
[0m[32m  Prepared aws_subnet for import[0m
[0m[1maws_subnet.subnet-08dad7366e061da93: Refreshing state... [id=subnet-08dad7366e061da93][0m
[0m[32m
Import successful!

The resources that were imported are shown above. These resources are now in
your Terraform state and will henceforth be managed by Terraform.
[0m
subnet-0fb6aa031219d3720
[0m[1maws_subnet.subnet-0fb6aa031219d3720: Importing from ID "subnet-0fb6aa031219d3720"...[0m
[0m[1m[32maws_subnet.subnet-0fb6aa031219d3720: Import prepared![0m
[0m[32m  Prepared aws_subnet for import[0m
[0m[1maws_subnet.subnet-0fb6aa031219d3720: Refreshing state... [id=subnet-0fb6aa031219d3720][0m
[0m[32m
Import successful!

The resources that were imported are shown above. These resources are now in
your Terraform state and will henceforth be managed by Terraform.
[0m
subnet-0cc9b935aa4a049e1
[0m[1maws_subnet.subnet-0cc9b935aa4a049e1: Importing from ID "subnet-0cc9b935aa4a049e1"...[0m
[0m[1m[32maws_subnet.subnet-0cc9b935aa4a049e1: Import prepared![0m
[0m[32m  Prepared aws_subnet for import[0m
[0m[1maws_subnet.subnet-0cc9b935aa4a049e1: Refreshing state... [id=subnet-0cc9b935aa4a049e1][0m
[0m[32m
Import successful!

The resources that were imported are shown above. These resources are now in
your Terraform state and will henceforth be managed by Terraform.
[0m
subnet-0c9bda2cedc5060a5
[0m[1maws_subnet.subnet-0c9bda2cedc5060a5: Importing from ID "subnet-0c9bda2cedc5060a5"...[0m
[0m[1m[32maws_subnet.subnet-0c9bda2cedc5060a5: Import prepared![0m
[0m[32m  Prepared aws_subnet for import[0m
[0m[1maws_subnet.subnet-0c9bda2cedc5060a5: Refreshing state... [id=subnet-0c9bda2cedc5060a5][0m
[0m[32m
Import successful!

The resources that were imported are shown above. These resources are now in
your Terraform state and will henceforth be managed by Terraform.
[0m
aws_subnet__subnet-08dad7366e061da93.tf
aws_subnet__subnet-0c9bda2cedc5060a5.tf
aws_subnet__subnet-0ca14ea12ad0de3c4.tf
aws_subnet__subnet-0cc9b935aa4a049e1.tf
aws_subnet__subnet-0dbd0e98cc1c333a4.tf
aws_subnet__subnet-0fb6aa031219d3720.tf
output__aws_subnet__subnet-08dad7366e061da93.tf
output__aws_subnet__subnet-0c9bda2cedc5060a5.tf
output__aws_subnet__subnet-0ca14ea12ad0de3c4.tf
output__aws_subnet__subnet-0cc9b935aa4a049e1.tf
output__aws_subnet__subnet-0dbd0e98cc1c333a4.tf
output__aws_subnet__subnet-0fb6aa031219d3720.tf
[32m[1mSuccess![0m The configuration is valid.
[0m
aws --profile default --region eu-west-2 --output json ec2 describe-security-groups --filters "Name=vpc-id,Values=vpc-0528d1e3f0b31cefe"
num SG's = 4
sg-02394ec9f2195be9b
[0m[1maws_security_group.sg-02394ec9f2195be9b: Importing from ID "sg-02394ec9f2195be9b"...[0m
[0m[1m[32maws_security_group.sg-02394ec9f2195be9b: Import prepared![0m
[0m[32m  Prepared aws_security_group for import[0m
[0m[1maws_security_group.sg-02394ec9f2195be9b: Refreshing state... [id=sg-02394ec9f2195be9b][0m
[0m[32m
Import successful!

The resources that were imported are shown above. These resources are now in
your Terraform state and will henceforth be managed by Terraform.
[0m
sg-04eb791ff13c1a7ba
[0m[1maws_security_group.sg-04eb791ff13c1a7ba: Importing from ID "sg-04eb791ff13c1a7ba"...[0m
[0m[1m[32maws_security_group.sg-04eb791ff13c1a7ba: Import prepared![0m
[0m[32m  Prepared aws_security_group for import[0m
[0m[1maws_security_group.sg-04eb791ff13c1a7ba: Refreshing state... [id=sg-04eb791ff13c1a7ba][0m
[0m[32m
Import successful!

The resources that were imported are shown above. These resources are now in
your Terraform state and will henceforth be managed by Terraform.
[0m
sg-0636c6506d2cac3df
[0m[1maws_security_group.sg-0636c6506d2cac3df: Importing from ID "sg-0636c6506d2cac3df"...[0m
[0m[1m[32maws_security_group.sg-0636c6506d2cac3df: Import prepared![0m
[0m[32m  Prepared aws_security_group for import[0m
[0m[1maws_security_group.sg-0636c6506d2cac3df: Refreshing state... [id=sg-0636c6506d2cac3df][0m
[0m[32m
Import successful!

The resources that were imported are shown above. These resources are now in
your Terraform state and will henceforth be managed by Terraform.
[0m
sg-0e4cf06a65fca2cb8
[0m[1maws_security_group.sg-0e4cf06a65fca2cb8: Importing from ID "sg-0e4cf06a65fca2cb8"...[0m
[0m[1m[32maws_security_group.sg-0e4cf06a65fca2cb8: Import prepared![0m
[0m[32m  Prepared aws_security_group for import[0m
[0m[1maws_security_group.sg-0e4cf06a65fca2cb8: Refreshing state... [id=sg-0e4cf06a65fca2cb8][0m
[0m[32m
Import successful!

The resources that were imported are shown above. These resources are now in
your Terraform state and will henceforth be managed by Terraform.
[0m
aws --profile default --region eu-west-2 --output json ec2 describe-internet-gateways --filters "Name=attachment.vpc-id,Values=vpc-0528d1e3f0b31cefe"
igw-078678d961a407d7f
[0m[1maws_internet_gateway.igw-078678d961a407d7f: Importing from ID "igw-078678d961a407d7f"...[0m
[0m[1m[32maws_internet_gateway.igw-078678d961a407d7f: Import prepared![0m
[0m[32m  Prepared aws_internet_gateway for import[0m
[0m[1maws_internet_gateway.igw-078678d961a407d7f: Refreshing state... [id=igw-078678d961a407d7f][0m
[0m[32m
Import successful!

The resources that were imported are shown above. These resources are now in
your Terraform state and will henceforth be managed by Terraform.
[0m
aws_internet_gateway__igw-078678d961a407d7f.tf
aws_security_group__sg-02394ec9f2195be9b.tf
aws_security_group__sg-04eb791ff13c1a7ba.tf
aws_security_group__sg-0636c6506d2cac3df.tf
aws_security_group__sg-0e4cf06a65fca2cb8.tf
[32m[1mSuccess![0m The configuration is valid.
[0m
aws --profile default --region eu-west-2 --output json ec2 describe-nat-gateways --filter "Name=vpc-id,Values=vpc-0528d1e3f0b31cefe"
nat-05b5eb1db80236f5f
eipall = eipalloc-00bf2757761c8ed12
[0m[1maws_nat_gateway.nat-05b5eb1db80236f5f: Importing from ID "nat-05b5eb1db80236f5f"...[0m
[0m[1m[32maws_nat_gateway.nat-05b5eb1db80236f5f: Import prepared![0m
[0m[32m  Prepared aws_nat_gateway for import[0m
[0m[1maws_nat_gateway.nat-05b5eb1db80236f5f: Refreshing state... [id=nat-05b5eb1db80236f5f][0m
[0m[32m
Import successful!

The resources that were imported are shown above. These resources are now in
your Terraform state and will henceforth be managed by Terraform.
[0m
aws --profile default --region eu-west-2 --output json ec2 describe-addresses --allocation-ids eipalloc-00bf2757761c8ed12
eipalloc-00bf2757761c8ed12
[0m[1maws_eip.eipalloc-00bf2757761c8ed12: Importing from ID "eipalloc-00bf2757761c8ed12"...[0m
[0m[1m[32maws_eip.eipalloc-00bf2757761c8ed12: Import prepared![0m
[0m[32m  Prepared aws_eip for import[0m
[0m[1maws_eip.eipalloc-00bf2757761c8ed12: Refreshing state... [id=eipalloc-00bf2757761c8ed12][0m
[0m[32m
Import successful!

The resources that were imported are shown above. These resources are now in
your Terraform state and will henceforth be managed by Terraform.
[0m
aws_eip__eipalloc-00bf2757761c8ed12.tf
aws_nat_gateway__nat-05b5eb1db80236f5f.tf
[32m[1mSuccess![0m The configuration is valid.
[0m
[32m[1mSuccess![0m The configuration is valid.
[0m
[32m[1mSuccess![0m The configuration is valid.
[0m
aws --profile default --region eu-west-2 --output json ec2 describe-route-tables --filters "Name=vpc-id,Values=vpc-0528d1e3f0b31cefe"
rtb-098ac5c276ee3a48e
[0m[1maws_route_table.rtb-098ac5c276ee3a48e: Importing from ID "rtb-098ac5c276ee3a48e"...[0m
[0m[1m[32maws_route_table.rtb-098ac5c276ee3a48e: Import prepared![0m
[0m[32m  Prepared aws_route_table for import[0m
[0m[1maws_route_table.rtb-098ac5c276ee3a48e: Refreshing state... [id=rtb-098ac5c276ee3a48e][0m
[0m[32m
Import successful!

The resources that were imported are shown above. These resources are now in
your Terraform state and will henceforth be managed by Terraform.
[0m
rtb-07c8037c43a77a99f
[0m[1maws_route_table.rtb-07c8037c43a77a99f: Importing from ID "rtb-07c8037c43a77a99f"...[0m
[0m[1m[32maws_route_table.rtb-07c8037c43a77a99f: Import prepared![0m
[0m[32m  Prepared aws_route_table for import[0m
[0m[1maws_route_table.rtb-07c8037c43a77a99f: Refreshing state... [id=rtb-07c8037c43a77a99f][0m
[0m[32m
Import successful!

The resources that were imported are shown above. These resources are now in
your Terraform state and will henceforth be managed by Terraform.
[0m
rtb-019ad6d895fc977fc
[0m[1maws_route_table.rtb-019ad6d895fc977fc: Importing from ID "rtb-019ad6d895fc977fc"...[0m
[0m[1m[32maws_route_table.rtb-019ad6d895fc977fc: Import prepared![0m
[0m[32m  Prepared aws_route_table for import[0m
[0m[1maws_route_table.rtb-019ad6d895fc977fc: Refreshing state... [id=rtb-019ad6d895fc977fc][0m
[0m[32m
Import successful!

The resources that were imported are shown above. These resources are now in
your Terraform state and will henceforth be managed by Terraform.
[0m
rtb-0bb09ea15fdbbad39
[0m[1maws_route_table.rtb-0bb09ea15fdbbad39: Importing from ID "rtb-0bb09ea15fdbbad39"...[0m
[0m[1m[32maws_route_table.rtb-0bb09ea15fdbbad39: Import prepared![0m
[0m[32m  Prepared aws_route_table for import[0m
[0m[1maws_route_table.rtb-0bb09ea15fdbbad39: Refreshing state... [id=rtb-0bb09ea15fdbbad39][0m
[0m[32m
Import successful!

The resources that were imported are shown above. These resources are now in
your Terraform state and will henceforth be managed by Terraform.
[0m
rtb-01c9dbedbe4f69691
[0m[1maws_route_table.rtb-01c9dbedbe4f69691: Importing from ID "rtb-01c9dbedbe4f69691"...[0m
[0m[1m[32maws_route_table.rtb-01c9dbedbe4f69691: Import prepared![0m
[0m[32m  Prepared aws_route_table for import[0m
[0m[1maws_route_table.rtb-01c9dbedbe4f69691: Refreshing state... [id=rtb-01c9dbedbe4f69691][0m
[0m[32m
Import successful!

The resources that were imported are shown above. These resources are now in
your Terraform state and will henceforth be managed by Terraform.
[0m
aws_route_table__rtb-019ad6d895fc977fc.tf
aws_route_table__rtb-01c9dbedbe4f69691.tf
aws_route_table__rtb-07c8037c43a77a99f.tf
aws_route_table__rtb-098ac5c276ee3a48e.tf
aws_route_table__rtb-0bb09ea15fdbbad39.tf
[32m[1mSuccess![0m The configuration is valid.
[0m
aws --profile default --region eu-west-2 --output json ec2 describe-route-tables --filters "Name=vpc-id,Values=vpc-0528d1e3f0b31cefe"
rtb-098ac5c276ee3a48e
[0m[1maws_route_table_association.rtbassoc-0eca7ac73091a9f16: Importing from ID "subnet-08dad7366e061da93/rtb-098ac5c276ee3a48e"...[0m
[0m[1m[32maws_route_table_association.rtbassoc-0eca7ac73091a9f16: Import prepared![0m
[0m[32m  Prepared aws_route_table_association for import[0m
[0m[1maws_route_table_association.rtbassoc-0eca7ac73091a9f16: Refreshing state... [id=rtbassoc-0eca7ac73091a9f16][0m
[0m[32m
Import successful!

The resources that were imported are shown above. These resources are now in
your Terraform state and will henceforth be managed by Terraform.
[0m
rtb-07c8037c43a77a99f
[0m[1maws_route_table_association.rtbassoc-0855048f63992da1f: Importing from ID "subnet-0cc9b935aa4a049e1/rtb-07c8037c43a77a99f"...[0m
[0m[1m[32maws_route_table_association.rtbassoc-0855048f63992da1f: Import prepared![0m
[0m[32m  Prepared aws_route_table_association for import[0m
[0m[1maws_route_table_association.rtbassoc-0855048f63992da1f: Refreshing state... [id=rtbassoc-0855048f63992da1f][0m
[0m[32m
Import successful!

The resources that were imported are shown above. These resources are now in
your Terraform state and will henceforth be managed by Terraform.
[0m
rtb-019ad6d895fc977fc
rtb-0bb09ea15fdbbad39
[0m[1maws_route_table_association.rtbassoc-0d69817e6033e883d: Importing from ID "subnet-0fb6aa031219d3720/rtb-0bb09ea15fdbbad39"...[0m
[0m[1m[32maws_route_table_association.rtbassoc-0d69817e6033e883d: Import prepared![0m
[0m[32m  Prepared aws_route_table_association for import[0m
[0m[1maws_route_table_association.rtbassoc-0d69817e6033e883d: Refreshing state... [id=rtbassoc-0d69817e6033e883d][0m
[0m[32m
Import successful!

The resources that were imported are shown above. These resources are now in
your Terraform state and will henceforth be managed by Terraform.
[0m
[0m[1maws_route_table_association.rtbassoc-015e1f8a1237ecb62: Importing from ID "subnet-0c9bda2cedc5060a5/rtb-0bb09ea15fdbbad39"...[0m
[0m[1m[32maws_route_table_association.rtbassoc-015e1f8a1237ecb62: Import prepared![0m
[0m[32m  Prepared aws_route_table_association for import[0m
[0m[1maws_route_table_association.rtbassoc-015e1f8a1237ecb62: Refreshing state... [id=rtbassoc-015e1f8a1237ecb62][0m
[0m[32m
Import successful!

The resources that were imported are shown above. These resources are now in
your Terraform state and will henceforth be managed by Terraform.
[0m
[0m[1maws_route_table_association.rtbassoc-081730072ed2df960: Importing from ID "subnet-0dbd0e98cc1c333a4/rtb-0bb09ea15fdbbad39"...[0m
[0m[1m[32maws_route_table_association.rtbassoc-081730072ed2df960: Import prepared![0m
[0m[32m  Prepared aws_route_table_association for import[0m
[0m[1maws_route_table_association.rtbassoc-081730072ed2df960: Refreshing state... [id=rtbassoc-081730072ed2df960][0m
[0m[32m
Import successful!

The resources that were imported are shown above. These resources are now in
your Terraform state and will henceforth be managed by Terraform.
[0m
rtb-01c9dbedbe4f69691
[0m[1maws_route_table_association.rtbassoc-065fa5ab0194a82cd: Importing from ID "subnet-0ca14ea12ad0de3c4/rtb-01c9dbedbe4f69691"...[0m
[0m[1m[32maws_route_table_association.rtbassoc-065fa5ab0194a82cd: Import prepared![0m
[0m[32m  Prepared aws_route_table_association for import[0m
[0m[1maws_route_table_association.rtbassoc-065fa5ab0194a82cd: Refreshing state... [id=rtbassoc-065fa5ab0194a82cd][0m
[0m[32m
Import successful!

The resources that were imported are shown above. These resources are now in
your Terraform state and will henceforth be managed by Terraform.
[0m
aws_route_table_association__rtbassoc-015e1f8a1237ecb62.tf
aws_route_table_association__rtbassoc-065fa5ab0194a82cd.tf
aws_route_table_association__rtbassoc-081730072ed2df960.tf
aws_route_table_association__rtbassoc-0855048f63992da1f.tf
aws_route_table_association__rtbassoc-0d69817e6033e883d.tf
aws_route_table_association__rtbassoc-0eca7ac73091a9f16.tf
[32m[1mSuccess![0m The configuration is valid.
[0m
aws --profile default --region eu-west-2 --output json ec2 describe-vpc-endpoints --filters "Name=vpc-id,Values=vpc-0528d1e3f0b31cefe"
[32m[1mSuccess![0m The configuration is valid.
[0m
aws --profile default --region eu-west-2 --output json iam list-roles | jq '.Roles[] | select(.Arn=="arn:aws:iam::566972129213:role/eksctl-manamieks-cluster-ServiceRole-HX498SOE260J")'
eksctl-manamieks-cluster-ServiceRole-HX498SOE260J
aws_iam_role.eksctl-manamieks-cluster-ServiceRole-HX498SOE260J eksctl-manamieks-cluster-ServiceRole-HX498SOE260J
[0m[1maws_iam_role.eksctl-manamieks-cluster-ServiceRole-HX498SOE260J: Importing from ID "eksctl-manamieks-cluster-ServiceRole-HX498SOE260J"...[0m
[0m[1m[32maws_iam_role.eksctl-manamieks-cluster-ServiceRole-HX498SOE260J: Import prepared![0m
[0m[32m  Prepared aws_iam_role for import[0m
[0m[1maws_iam_role.eksctl-manamieks-cluster-ServiceRole-HX498SOE260J: Refreshing state... [id=eksctl-manamieks-cluster-ServiceRole-HX498SOE260J][0m
[0m[32m
Import successful!

The resources that were imported are shown above. These resources are now in
your Terraform state and will henceforth be managed by Terraform.
[0m
/Users/awsandy/odp/aws/sw/aws2tf/generated/tf.566972129213
role policies eksctl-manamieks-cluster-ServiceRole-HX498SOE260J
aws --profile default --region eu-west-2 --output json iam list-role-policies --role-name eksctl-manamieks-cluster-ServiceRole-HX498SOE260J
eksctl-manamieks-cluster-ServiceRole-HX498SOE260J__eksctl-manamieks-cluster-PolicyCloudWatchMetrics
[0m[1maws_iam_role_policy.eksctl-manamieks-cluster-ServiceRole-HX498SOE260J__eksctl-manamieks-cluster-PolicyCloudWatchMetrics: Importing from ID "eksctl-manamieks-cluster-ServiceRole-HX498SOE260J:eksctl-manamieks-cluster-PolicyCloudWatchMetrics"...[0m
[0m[1m[32maws_iam_role_policy.eksctl-manamieks-cluster-ServiceRole-HX498SOE260J__eksctl-manamieks-cluster-PolicyCloudWatchMetrics: Import prepared![0m
[0m[32m  Prepared aws_iam_role_policy for import[0m
[0m[1maws_iam_role_policy.eksctl-manamieks-cluster-ServiceRole-HX498SOE260J__eksctl-manamieks-cluster-PolicyCloudWatchMetrics: Refreshing state... [id=eksctl-manamieks-cluster-ServiceRole-HX498SOE260J:eksctl-manamieks-cluster-PolicyCloudWatchMetrics][0m
[0m[32m
Import successful!

The resources that were imported are shown above. These resources are now in
your Terraform state and will henceforth be managed by Terraform.
[0m
eksctl-manamieks-cluster-ServiceRole-HX498SOE260J__eksctl-manamieks-cluster-PolicyELBPermissions
[0m[1maws_iam_role_policy.eksctl-manamieks-cluster-ServiceRole-HX498SOE260J__eksctl-manamieks-cluster-PolicyELBPermissions: Importing from ID "eksctl-manamieks-cluster-ServiceRole-HX498SOE260J:eksctl-manamieks-cluster-PolicyELBPermissions"...[0m
[0m[1m[32maws_iam_role_policy.eksctl-manamieks-cluster-ServiceRole-HX498SOE260J__eksctl-manamieks-cluster-PolicyELBPermissions: Import prepared![0m
[0m[32m  Prepared aws_iam_role_policy for import[0m
[0m[1maws_iam_role_policy.eksctl-manamieks-cluster-ServiceRole-HX498SOE260J__eksctl-manamieks-cluster-PolicyELBPermissions: Refreshing state... [id=eksctl-manamieks-cluster-ServiceRole-HX498SOE260J:eksctl-manamieks-cluster-PolicyELBPermissions][0m
[0m[32m
Import successful!

The resources that were imported are shown above. These resources are now in
your Terraform state and will henceforth be managed by Terraform.
[0m
fmt
aws_iam_role__eksctl-manamieks-cluster-ServiceRole-HX498SOE260J.tf
aws_iam_role_policy__eksctl-manamieks-cluster-ServiceRole-HX498SOE260J__eksctl-manamieks-cluster-PolicyCloudWatchMetrics.tf
aws_iam_role_policy__eksctl-manamieks-cluster-ServiceRole-HX498SOE260J__eksctl-manamieks-cluster-PolicyELBPermissions.tf
validate
[32m[1mSuccess![0m The configuration is valid.
[0m
attached role policies eksctl-manamieks-cluster-ServiceRole-HX498SOE260J
aws --profile default --region eu-west-2 --output json iam list-attached-role-policies --role-name eksctl-manamieks-cluster-ServiceRole-HX498SOE260J
eksctl-manamieks-cluster-ServiceRole-HX498SOE260J__AmazonEKSClusterPolicy
[0m[1maws_iam_role_policy_attachment.eksctl-manamieks-cluster-ServiceRole-HX498SOE260J__AmazonEKSClusterPolicy: Importing from ID "eksctl-manamieks-cluster-ServiceRole-HX498SOE260J/arn:aws:iam::aws:policy/AmazonEKSClusterPolicy"...[0m
[0m[1m[32maws_iam_role_policy_attachment.eksctl-manamieks-cluster-ServiceRole-HX498SOE260J__AmazonEKSClusterPolicy: Import prepared![0m
[0m[32m  Prepared aws_iam_role_policy_attachment for import[0m
[0m[1maws_iam_role_policy_attachment.eksctl-manamieks-cluster-ServiceRole-HX498SOE260J__AmazonEKSClusterPolicy: Refreshing state... [id=eksctl-manamieks-cluster-ServiceRole-HX498SOE260J-arn:aws:iam::aws:policy/AmazonEKSClusterPolicy][0m
[0m[32m
Import successful!

The resources that were imported are shown above. These resources are now in
your Terraform state and will henceforth be managed by Terraform.
[0m
eksctl-manamieks-cluster-ServiceRole-HX498SOE260J__AmazonEKSVPCResourceController
[0m[1maws_iam_role_policy_attachment.eksctl-manamieks-cluster-ServiceRole-HX498SOE260J__AmazonEKSVPCResourceController: Importing from ID "eksctl-manamieks-cluster-ServiceRole-HX498SOE260J/arn:aws:iam::aws:policy/AmazonEKSVPCResourceController"...[0m
[0m[1m[32maws_iam_role_policy_attachment.eksctl-manamieks-cluster-ServiceRole-HX498SOE260J__AmazonEKSVPCResourceController: Import prepared![0m
[0m[32m  Prepared aws_iam_role_policy_attachment for import[0m
[0m[1maws_iam_role_policy_attachment.eksctl-manamieks-cluster-ServiceRole-HX498SOE260J__AmazonEKSVPCResourceController: Refreshing state... [id=eksctl-manamieks-cluster-ServiceRole-HX498SOE260J-arn:aws:iam::aws:policy/AmazonEKSVPCResourceController][0m
[0m[32m
Import successful!

The resources that were imported are shown above. These resources are now in
your Terraform state and will henceforth be managed by Terraform.
[0m
fmt
aws_iam_role_policy_attachment__eksctl-manamieks-cluster-ServiceRole-HX498SOE260J__AmazonEKSClusterPolicy.tf
aws_iam_role_policy_attachment__eksctl-manamieks-cluster-ServiceRole-HX498SOE260J__AmazonEKSVPCResourceController.tf
validate
[32m[1mSuccess![0m The configuration is valid.
[0m
fmt
validate
[32m[1mSuccess![0m The configuration is valid.
[0m
sg-02394ec9f2195be9b
pre-reqs complete - getting EKS
aws --profile default --region eu-west-2 --output json eks describe-cluster --name manamieks
cname = manamieks
[0m[1maws_eks_cluster.manamieks: Importing from ID "manamieks"...[0m
[0m[1m[32maws_eks_cluster.manamieks: Import prepared![0m
[0m[32m  Prepared aws_eks_cluster for import[0m
[0m[1maws_eks_cluster.manamieks: Refreshing state... [id=manamieks][0m
[0m[32m
Import successful!

The resources that were imported are shown above. These resources are now in
your Terraform state and will henceforth be managed by Terraform.
[0m

aws --profile default --region eu-west-2 --output json eks list-fargate-profiles --cluster-name manamieks
aws_eks_cluster__manamieks.tf
[32m[1mSuccess![0m The configuration is valid.
[0m
aws --profile default --region eu-west-2 --output json
cluster name manamieks
jcount=1
***** node group = custom-ngami
inner command=aws --profile default --region eu-west-2 --output json  eks describe-nodegroup --cluster-name manamieks --nodegroup-name custom-ngami
0
cname = manamieks_custom-ngami
Importing .....
[0m[1maws_eks_node_group.manamieks_custom-ngami: Importing from ID "manamieks:custom-ngami"...[0m
[0m[1m[32maws_eks_node_group.manamieks_custom-ngami: Import prepared![0m
[0m[32m  Prepared aws_eks_node_group for import[0m
[0m[1maws_eks_node_group.manamieks_custom-ngami: Refreshing state... [id=manamieks:custom-ngami][0m
[0m[32m
Import successful!

The resources that were imported are shown above. These resources are now in
your Terraform state and will henceforth be managed by Terraform.
[0m
parse error: Invalid numeric literal at line 2, column 0
ltid=lt-037df4653a1121595
aws --profile default --region eu-west-2 --output json ec2 describe-launch-templates --launch-template-ids lt-037df4653a1121595
lt-037df4653a1121595
[0m[1maws_launch_template.lt-037df4653a1121595: Importing from ID "lt-037df4653a1121595"...[0m
[0m[1m[32maws_launch_template.lt-037df4653a1121595: Import prepared![0m
[0m[32m  Prepared aws_launch_template for import[0m
[0m[1maws_launch_template.lt-037df4653a1121595: Refreshing state... [id=lt-037df4653a1121595][0m
[0m[32m
Import successful!

The resources that were imported are shown above. These resources are now in
your Terraform state and will henceforth be managed by Terraform.
[0m
aws --profile default --region eu-west-2 --output json iam list-roles | jq '.Roles[] | select(.Arn=="arn:aws:iam::566972129213:role/eksctl-manamieks-nodegroup-custom-NodeInstanceRole-5ZHV97469VKC")'
eksctl-manamieks-nodegroup-custom-NodeInstanceRole-5ZHV97469VKC
aws_iam_role.eksctl-manamieks-nodegroup-custom-NodeInstanceRole-5ZHV97469VKC eksctl-manamieks-nodegroup-custom-NodeInstanceRole-5ZHV97469VKC
[0m[1maws_iam_role.eksctl-manamieks-nodegroup-custom-NodeInstanceRole-5ZHV97469VKC: Importing from ID "eksctl-manamieks-nodegroup-custom-NodeInstanceRole-5ZHV97469VKC"...[0m
[0m[1m[32maws_iam_role.eksctl-manamieks-nodegroup-custom-NodeInstanceRole-5ZHV97469VKC: Import prepared![0m
[0m[32m  Prepared aws_iam_role for import[0m
[0m[1maws_iam_role.eksctl-manamieks-nodegroup-custom-NodeInstanceRole-5ZHV97469VKC: Refreshing state... [id=eksctl-manamieks-nodegroup-custom-NodeInstanceRole-5ZHV97469VKC][0m
[0m[32m
Import successful!

The resources that were imported are shown above. These resources are now in
your Terraform state and will henceforth be managed by Terraform.
[0m
/Users/awsandy/odp/aws/sw/aws2tf/generated/tf.566972129213
role policies eksctl-manamieks-nodegroup-custom-NodeInstanceRole-5ZHV97469VKC
aws --profile default --region eu-west-2 --output json iam list-role-policies --role-name eksctl-manamieks-nodegroup-custom-NodeInstanceRole-5ZHV97469VKC
eksctl-manamieks-nodegroup-custom-NodeInstanceRole-5ZHV97469VKC__eksctl-manamieks-nodegroup-custom-ngami-PolicyALBIngress
[0m[1maws_iam_role_policy.eksctl-manamieks-nodegroup-custom-NodeInstanceRole-5ZHV97469VKC__eksctl-manamieks-nodegroup-custom-ngami-PolicyALBIngress: Importing from ID "eksctl-manamieks-nodegroup-custom-NodeInstanceRole-5ZHV97469VKC:eksctl-manamieks-nodegroup-custom-ngami-PolicyALBIngress"...[0m
[0m[1m[32maws_iam_role_policy.eksctl-manamieks-nodegroup-custom-NodeInstanceRole-5ZHV97469VKC__eksctl-manamieks-nodegroup-custom-ngami-PolicyALBIngress: Import prepared![0m
[0m[32m  Prepared aws_iam_role_policy for import[0m
[0m[1maws_iam_role_policy.eksctl-manamieks-nodegroup-custom-NodeInstanceRole-5ZHV97469VKC__eksctl-manamieks-nodegroup-custom-ngami-PolicyALBIngress: Refreshing state... [id=eksctl-manamieks-nodegroup-custom-NodeInstanceRole-5ZHV97469VKC:eksctl-manamieks-nodegroup-custom-ngami-PolicyALBIngress][0m
[0m[32m
Import successful!

The resources that were imported are shown above. These resources are now in
your Terraform state and will henceforth be managed by Terraform.
[0m
eksctl-manamieks-nodegroup-custom-NodeInstanceRole-5ZHV97469VKC__eksctl-manamieks-nodegroup-custom-ngami-PolicyAutoScaling
[0m[1maws_iam_role_policy.eksctl-manamieks-nodegroup-custom-NodeInstanceRole-5ZHV97469VKC__eksctl-manamieks-nodegroup-custom-ngami-PolicyAutoScaling: Importing from ID "eksctl-manamieks-nodegroup-custom-NodeInstanceRole-5ZHV97469VKC:eksctl-manamieks-nodegroup-custom-ngami-PolicyAutoScaling"...[0m
[0m[1m[32maws_iam_role_policy.eksctl-manamieks-nodegroup-custom-NodeInstanceRole-5ZHV97469VKC__eksctl-manamieks-nodegroup-custom-ngami-PolicyAutoScaling: Import prepared![0m
[0m[32m  Prepared aws_iam_role_policy for import[0m
[0m[1maws_iam_role_policy.eksctl-manamieks-nodegroup-custom-NodeInstanceRole-5ZHV97469VKC__eksctl-manamieks-nodegroup-custom-ngami-PolicyAutoScaling: Refreshing state... [id=eksctl-manamieks-nodegroup-custom-NodeInstanceRole-5ZHV97469VKC:eksctl-manamieks-nodegroup-custom-ngami-PolicyAutoScaling][0m
[0m[32m
Import successful!

The resources that were imported are shown above. These resources are now in
your Terraform state and will henceforth be managed by Terraform.
[0m
eksctl-manamieks-nodegroup-custom-NodeInstanceRole-5ZHV97469VKC__eksctl-manamieks-nodegroup-custom-ngami-PolicyCertManagerChangeSet
[0m[1maws_iam_role_policy.eksctl-manamieks-nodegroup-custom-NodeInstanceRole-5ZHV97469VKC__eksctl-manamieks-nodegroup-custom-ngami-PolicyCertManagerChangeSet: Importing from ID "eksctl-manamieks-nodegroup-custom-NodeInstanceRole-5ZHV97469VKC:eksctl-manamieks-nodegroup-custom-ngami-PolicyCertManagerChangeSet"...[0m
[0m[1m[32maws_iam_role_policy.eksctl-manamieks-nodegroup-custom-NodeInstanceRole-5ZHV97469VKC__eksctl-manamieks-nodegroup-custom-ngami-PolicyCertManagerChangeSet: Import prepared![0m
[0m[32m  Prepared aws_iam_role_policy for import[0m
[0m[1maws_iam_role_policy.eksctl-manamieks-nodegroup-custom-NodeInstanceRole-5ZHV97469VKC__eksctl-manamieks-nodegroup-custom-ngami-PolicyCertManagerChangeSet: Refreshing state... [id=eksctl-manamieks-nodegroup-custom-NodeInstanceRole-5ZHV97469VKC:eksctl-manamieks-nodegroup-custom-ngami-PolicyCertManagerChangeSet][0m
[0m[32m
Import successful!

The resources that were imported are shown above. These resources are now in
your Terraform state and will henceforth be managed by Terraform.
[0m
eksctl-manamieks-nodegroup-custom-NodeInstanceRole-5ZHV97469VKC__eksctl-manamieks-nodegroup-custom-ngami-PolicyCertManagerGetChange
[0m[1maws_iam_role_policy.eksctl-manamieks-nodegroup-custom-NodeInstanceRole-5ZHV97469VKC__eksctl-manamieks-nodegroup-custom-ngami-PolicyCertManagerGetChange: Importing from ID "eksctl-manamieks-nodegroup-custom-NodeInstanceRole-5ZHV97469VKC:eksctl-manamieks-nodegroup-custom-ngami-PolicyCertManagerGetChange"...[0m
[0m[1m[32maws_iam_role_policy.eksctl-manamieks-nodegroup-custom-NodeInstanceRole-5ZHV97469VKC__eksctl-manamieks-nodegroup-custom-ngami-PolicyCertManagerGetChange: Import prepared![0m
[0m[32m  Prepared aws_iam_role_policy for import[0m
[0m[1maws_iam_role_policy.eksctl-manamieks-nodegroup-custom-NodeInstanceRole-5ZHV97469VKC__eksctl-manamieks-nodegroup-custom-ngami-PolicyCertManagerGetChange: Refreshing state... [id=eksctl-manamieks-nodegroup-custom-NodeInstanceRole-5ZHV97469VKC:eksctl-manamieks-nodegroup-custom-ngami-PolicyCertManagerGetChange][0m
[0m[32m
Import successful!

The resources that were imported are shown above. These resources are now in
your Terraform state and will henceforth be managed by Terraform.
[0m
eksctl-manamieks-nodegroup-custom-NodeInstanceRole-5ZHV97469VKC__eksctl-manamieks-nodegroup-custom-ngami-PolicyCertManagerHostedZones
[0m[1maws_iam_role_policy.eksctl-manamieks-nodegroup-custom-NodeInstanceRole-5ZHV97469VKC__eksctl-manamieks-nodegroup-custom-ngami-PolicyCertManagerHostedZones: Importing from ID "eksctl-manamieks-nodegroup-custom-NodeInstanceRole-5ZHV97469VKC:eksctl-manamieks-nodegroup-custom-ngami-PolicyCertManagerHostedZones"...[0m
[0m[1m[32maws_iam_role_policy.eksctl-manamieks-nodegroup-custom-NodeInstanceRole-5ZHV97469VKC__eksctl-manamieks-nodegroup-custom-ngami-PolicyCertManagerHostedZones: Import prepared![0m
[0m[32m  Prepared aws_iam_role_policy for import[0m
[0m[1maws_iam_role_policy.eksctl-manamieks-nodegroup-custom-NodeInstanceRole-5ZHV97469VKC__eksctl-manamieks-nodegroup-custom-ngami-PolicyCertManagerHostedZones: Refreshing state... [id=eksctl-manamieks-nodegroup-custom-NodeInstanceRole-5ZHV97469VKC:eksctl-manamieks-nodegroup-custom-ngami-PolicyCertManagerHostedZones][0m
[0m[32m
Import successful!

The resources that were imported are shown above. These resources are now in
your Terraform state and will henceforth be managed by Terraform.
[0m
eksctl-manamieks-nodegroup-custom-NodeInstanceRole-5ZHV97469VKC__eksctl-manamieks-nodegroup-custom-ngami-PolicyEBS
[0m[1maws_iam_role_policy.eksctl-manamieks-nodegroup-custom-NodeInstanceRole-5ZHV97469VKC__eksctl-manamieks-nodegroup-custom-ngami-PolicyEBS: Importing from ID "eksctl-manamieks-nodegroup-custom-NodeInstanceRole-5ZHV97469VKC:eksctl-manamieks-nodegroup-custom-ngami-PolicyEBS"...[0m
[0m[1m[32maws_iam_role_policy.eksctl-manamieks-nodegroup-custom-NodeInstanceRole-5ZHV97469VKC__eksctl-manamieks-nodegroup-custom-ngami-PolicyEBS: Import prepared![0m
[0m[32m  Prepared aws_iam_role_policy for import[0m
[0m[1maws_iam_role_policy.eksctl-manamieks-nodegroup-custom-NodeInstanceRole-5ZHV97469VKC__eksctl-manamieks-nodegroup-custom-ngami-PolicyEBS: Refreshing state... [id=eksctl-manamieks-nodegroup-custom-NodeInstanceRole-5ZHV97469VKC:eksctl-manamieks-nodegroup-custom-ngami-PolicyEBS][0m
[0m[32m
Import successful!

The resources that were imported are shown above. These resources are now in
your Terraform state and will henceforth be managed by Terraform.
[0m
eksctl-manamieks-nodegroup-custom-NodeInstanceRole-5ZHV97469VKC__eksctl-manamieks-nodegroup-custom-ngami-PolicyEFS
[0m[1maws_iam_role_policy.eksctl-manamieks-nodegroup-custom-NodeInstanceRole-5ZHV97469VKC__eksctl-manamieks-nodegroup-custom-ngami-PolicyEFS: Importing from ID "eksctl-manamieks-nodegroup-custom-NodeInstanceRole-5ZHV97469VKC:eksctl-manamieks-nodegroup-custom-ngami-PolicyEFS"...[0m
[0m[1m[32maws_iam_role_policy.eksctl-manamieks-nodegroup-custom-NodeInstanceRole-5ZHV97469VKC__eksctl-manamieks-nodegroup-custom-ngami-PolicyEFS: Import prepared![0m
[0m[32m  Prepared aws_iam_role_policy for import[0m
[0m[1maws_iam_role_policy.eksctl-manamieks-nodegroup-custom-NodeInstanceRole-5ZHV97469VKC__eksctl-manamieks-nodegroup-custom-ngami-PolicyEFS: Refreshing state... [id=eksctl-manamieks-nodegroup-custom-NodeInstanceRole-5ZHV97469VKC:eksctl-manamieks-nodegroup-custom-ngami-PolicyEFS][0m
[0m[32m
Import successful!

The resources that were imported are shown above. These resources are now in
your Terraform state and will henceforth be managed by Terraform.
[0m
eksctl-manamieks-nodegroup-custom-NodeInstanceRole-5ZHV97469VKC__eksctl-manamieks-nodegroup-custom-ngami-PolicyEFSEC2
[0m[1maws_iam_role_policy.eksctl-manamieks-nodegroup-custom-NodeInstanceRole-5ZHV97469VKC__eksctl-manamieks-nodegroup-custom-ngami-PolicyEFSEC2: Importing from ID "eksctl-manamieks-nodegroup-custom-NodeInstanceRole-5ZHV97469VKC:eksctl-manamieks-nodegroup-custom-ngami-PolicyEFSEC2"...[0m
[0m[1m[32maws_iam_role_policy.eksctl-manamieks-nodegroup-custom-NodeInstanceRole-5ZHV97469VKC__eksctl-manamieks-nodegroup-custom-ngami-PolicyEFSEC2: Import prepared![0m
[0m[32m  Prepared aws_iam_role_policy for import[0m
[0m[1maws_iam_role_policy.eksctl-manamieks-nodegroup-custom-NodeInstanceRole-5ZHV97469VKC__eksctl-manamieks-nodegroup-custom-ngami-PolicyEFSEC2: Refreshing state... [id=eksctl-manamieks-nodegroup-custom-NodeInstanceRole-5ZHV97469VKC:eksctl-manamieks-nodegroup-custom-ngami-PolicyEFSEC2][0m
[0m[32m
Import successful!

The resources that were imported are shown above. These resources are now in
your Terraform state and will henceforth be managed by Terraform.
[0m
fmt
aws_eks_node_group__manamieks_custom-ngami.tf
aws_iam_role__eksctl-manamieks-nodegroup-custom-NodeInstanceRole-5ZHV97469VKC.tf
aws_iam_role_policy__eksctl-manamieks-nodegroup-custom-NodeInstanceRole-5ZHV97469VKC__eksctl-manamieks-nodegroup-custom-ngami-PolicyALBIngress.tf
aws_iam_role_policy__eksctl-manamieks-nodegroup-custom-NodeInstanceRole-5ZHV97469VKC__eksctl-manamieks-nodegroup-custom-ngami-PolicyAutoScaling.tf
aws_iam_role_policy__eksctl-manamieks-nodegroup-custom-NodeInstanceRole-5ZHV97469VKC__eksctl-manamieks-nodegroup-custom-ngami-PolicyCertManagerChangeSet.tf
aws_iam_role_policy__eksctl-manamieks-nodegroup-custom-NodeInstanceRole-5ZHV97469VKC__eksctl-manamieks-nodegroup-custom-ngami-PolicyCertManagerGetChange.tf
aws_iam_role_policy__eksctl-manamieks-nodegroup-custom-NodeInstanceRole-5ZHV97469VKC__eksctl-manamieks-nodegroup-custom-ngami-PolicyCertManagerHostedZones.tf
aws_iam_role_policy__eksctl-manamieks-nodegroup-custom-NodeInstanceRole-5ZHV97469VKC__eksctl-manamieks-nodegroup-custom-ngami-PolicyEBS.tf
aws_iam_role_policy__eksctl-manamieks-nodegroup-custom-NodeInstanceRole-5ZHV97469VKC__eksctl-manamieks-nodegroup-custom-ngami-PolicyEFS.tf
aws_iam_role_policy__eksctl-manamieks-nodegroup-custom-NodeInstanceRole-5ZHV97469VKC__eksctl-manamieks-nodegroup-custom-ngami-PolicyEFSEC2.tf
aws_launch_template__lt-037df4653a1121595.tf
validate
[32m[1mSuccess![0m The configuration is valid.
[0m
attached role policies eksctl-manamieks-nodegroup-custom-NodeInstanceRole-5ZHV97469VKC
aws --profile default --region eu-west-2 --output json iam list-attached-role-policies --role-name eksctl-manamieks-nodegroup-custom-NodeInstanceRole-5ZHV97469VKC
eksctl-manamieks-nodegroup-custom-NodeInstanceRole-5ZHV97469VKC__AmazonEKSWorkerNodePolicy
[0m[1maws_iam_role_policy_attachment.eksctl-manamieks-nodegroup-custom-NodeInstanceRole-5ZHV97469VKC__AmazonEKSWorkerNodePolicy: Importing from ID "eksctl-manamieks-nodegroup-custom-NodeInstanceRole-5ZHV97469VKC/arn:aws:iam::aws:policy/AmazonEKSWorkerNodePolicy"...[0m
[0m[1m[32maws_iam_role_policy_attachment.eksctl-manamieks-nodegroup-custom-NodeInstanceRole-5ZHV97469VKC__AmazonEKSWorkerNodePolicy: Import prepared![0m
[0m[32m  Prepared aws_iam_role_policy_attachment for import[0m
[0m[1maws_iam_role_policy_attachment.eksctl-manamieks-nodegroup-custom-NodeInstanceRole-5ZHV97469VKC__AmazonEKSWorkerNodePolicy: Refreshing state... [id=eksctl-manamieks-nodegroup-custom-NodeInstanceRole-5ZHV97469VKC-arn:aws:iam::aws:policy/AmazonEKSWorkerNodePolicy][0m
[0m[32m
Import successful!

The resources that were imported are shown above. These resources are now in
your Terraform state and will henceforth be managed by Terraform.
[0m
eksctl-manamieks-nodegroup-custom-NodeInstanceRole-5ZHV97469VKC__AmazonEC2ContainerRegistryReadOnly
[0m[1maws_iam_role_policy_attachment.eksctl-manamieks-nodegroup-custom-NodeInstanceRole-5ZHV97469VKC__AmazonEC2ContainerRegistryReadOnly: Importing from ID "eksctl-manamieks-nodegroup-custom-NodeInstanceRole-5ZHV97469VKC/arn:aws:iam::aws:policy/AmazonEC2ContainerRegistryReadOnly"...[0m
[0m[1m[32maws_iam_role_policy_attachment.eksctl-manamieks-nodegroup-custom-NodeInstanceRole-5ZHV97469VKC__AmazonEC2ContainerRegistryReadOnly: Import prepared![0m
[0m[32m  Prepared aws_iam_role_policy_attachment for import[0m
[0m[1maws_iam_role_policy_attachment.eksctl-manamieks-nodegroup-custom-NodeInstanceRole-5ZHV97469VKC__AmazonEC2ContainerRegistryReadOnly: Refreshing state... [id=eksctl-manamieks-nodegroup-custom-NodeInstanceRole-5ZHV97469VKC-arn:aws:iam::aws:policy/AmazonEC2ContainerRegistryReadOnly][0m
[0m[32m
Import successful!

The resources that were imported are shown above. These resources are now in
your Terraform state and will henceforth be managed by Terraform.
[0m
eksctl-manamieks-nodegroup-custom-NodeInstanceRole-5ZHV97469VKC__CloudWatchAgentServerPolicy
[0m[1maws_iam_role_policy_attachment.eksctl-manamieks-nodegroup-custom-NodeInstanceRole-5ZHV97469VKC__CloudWatchAgentServerPolicy: Importing from ID "eksctl-manamieks-nodegroup-custom-NodeInstanceRole-5ZHV97469VKC/arn:aws:iam::aws:policy/CloudWatchAgentServerPolicy"...[0m
[0m[1m[32maws_iam_role_policy_attachment.eksctl-manamieks-nodegroup-custom-NodeInstanceRole-5ZHV97469VKC__CloudWatchAgentServerPolicy: Import prepared![0m
[0m[32m  Prepared aws_iam_role_policy_attachment for import[0m
[0m[1maws_iam_role_policy_attachment.eksctl-manamieks-nodegroup-custom-NodeInstanceRole-5ZHV97469VKC__CloudWatchAgentServerPolicy: Refreshing state... [id=eksctl-manamieks-nodegroup-custom-NodeInstanceRole-5ZHV97469VKC-arn:aws:iam::aws:policy/CloudWatchAgentServerPolicy][0m
[0m[32m
Import successful!

The resources that were imported are shown above. These resources are now in
your Terraform state and will henceforth be managed by Terraform.
[0m
eksctl-manamieks-nodegroup-custom-NodeInstanceRole-5ZHV97469VKC__AmazonEKS_CNI_Policy
[0m[1maws_iam_role_policy_attachment.eksctl-manamieks-nodegroup-custom-NodeInstanceRole-5ZHV97469VKC__AmazonEKS_CNI_Policy: Importing from ID "eksctl-manamieks-nodegroup-custom-NodeInstanceRole-5ZHV97469VKC/arn:aws:iam::aws:policy/AmazonEKS_CNI_Policy"...[0m
[0m[1m[32maws_iam_role_policy_attachment.eksctl-manamieks-nodegroup-custom-NodeInstanceRole-5ZHV97469VKC__AmazonEKS_CNI_Policy: Import prepared![0m
[0m[32m  Prepared aws_iam_role_policy_attachment for import[0m
[0m[1maws_iam_role_policy_attachment.eksctl-manamieks-nodegroup-custom-NodeInstanceRole-5ZHV97469VKC__AmazonEKS_CNI_Policy: Refreshing state... [id=eksctl-manamieks-nodegroup-custom-NodeInstanceRole-5ZHV97469VKC-arn:aws:iam::aws:policy/AmazonEKS_CNI_Policy][0m
[0m[32m
Import successful!

The resources that were imported are shown above. These resources are now in
your Terraform state and will henceforth be managed by Terraform.
[0m
fmt
aws_iam_role_policy_attachment__eksctl-manamieks-nodegroup-custom-NodeInstanceRole-5ZHV97469VKC__AmazonEC2ContainerRegistryReadOnly.tf
aws_iam_role_policy_attachment__eksctl-manamieks-nodegroup-custom-NodeInstanceRole-5ZHV97469VKC__AmazonEKSWorkerNodePolicy.tf
aws_iam_role_policy_attachment__eksctl-manamieks-nodegroup-custom-NodeInstanceRole-5ZHV97469VKC__AmazonEKS_CNI_Policy.tf
aws_iam_role_policy_attachment__eksctl-manamieks-nodegroup-custom-NodeInstanceRole-5ZHV97469VKC__CloudWatchAgentServerPolicy.tf
validate
[32m[1mSuccess![0m The configuration is valid.
[0m
fmt
validate
[32m[1mSuccess![0m The configuration is valid.
[0m
eks-caba7306-38c3-fc83-d9c4-32a7919c8be4
[0m[1maws_autoscaling_group.eks-caba7306-38c3-fc83-d9c4-32a7919c8be4: Importing from ID "eks-caba7306-38c3-fc83-d9c4-32a7919c8be4"...[0m
[0m[1m[32maws_autoscaling_group.eks-caba7306-38c3-fc83-d9c4-32a7919c8be4: Import prepared![0m
[0m[32m  Prepared aws_autoscaling_group for import[0m
[0m[1maws_autoscaling_group.eks-caba7306-38c3-fc83-d9c4-32a7919c8be4: Refreshing state... [id=eks-caba7306-38c3-fc83-d9c4-32a7919c8be4][0m
[0m[32m
Import successful!

The resources that were imported are shown above. These resources are now in
your Terraform state and will henceforth be managed by Terraform.
[0m
"eks:nodegroup-name"
Removed aws_autoscaling_group.eks-caba7306-38c3-fc83-d9c4-32a7919c8be4
Successfully removed 1 resource instance(s).
fmt
validate
[32m[1mSuccess![0m The configuration is valid.
[0m
run command .....
aws --profile default --region eu-west-2 --output json  eks update-kubeconfig --name manamieks
